2024-07-01 03:45:37,020 - mmdet - INFO - Environment info:
------------------------------------------------------------
sys.platform: win32
Python: 3.8.16 (default, Mar  2 2023, 03:18:16) [MSC v.1916 64 bit (AMD64)]
CUDA available: True
GPU 0: NVIDIA GeForce RTX 4090
CUDA_HOME: C:\Program Files\NVIDIA GPU Computing Toolkit\CUDA\v11.7
NVCC: Cuda compilation tools, release 11.7, V11.7.64
MSVC: Microsoft (R) C/C++ Optimizing Compiler Version 19.36.32535 for x64
GCC: n/a
PyTorch: 1.13.1
PyTorch compiling details: PyTorch built with:
  - C++ Version: 199711
  - MSVC 192829337
  - Intel(R) Math Kernel Library Version 2020.0.2 Product Build 20200624 for Intel(R) 64 architecture applications
  - Intel(R) MKL-DNN v2.6.0 (Git Hash 52b5f107dd9cf10910aaa19cb47f3abf9b349815)
  - OpenMP 2019
  - LAPACK is enabled (usually provided by MKL)
  - CPU capability usage: AVX2
  - CUDA Runtime 11.7
  - NVCC architecture flags: -gencode;arch=compute_37,code=sm_37;-gencode;arch=compute_50,code=sm_50;-gencode;arch=compute_60,code=sm_60;-gencode;arch=compute_61,code=sm_61;-gencode;arch=compute_70,code=sm_70;-gencode;arch=compute_75,code=sm_75;-gencode;arch=compute_80,code=sm_80;-gencode;arch=compute_86,code=sm_86;-gencode;arch=compute_37,code=compute_37
  - CuDNN 8.5
  - Magma 2.5.4
  - Build settings: BLAS_INFO=mkl, BUILD_TYPE=Release, CUDA_VERSION=11.7, CUDNN_VERSION=8.5.0, CXX_COMPILER=C:/cb/pytorch_1000000000000/work/tmp_bin/sccache-cl.exe, CXX_FLAGS=/DWIN32 /D_WINDOWS /GR /EHsc /w /bigobj -DUSE_PTHREADPOOL -openmp:experimental -IC:/cb/pytorch_1000000000000/work/mkl/include -DNDEBUG -DUSE_KINETO -DLIBKINETO_NOCUPTI -DUSE_FBGEMM -DUSE_XNNPACK -DSYMBOLICATE_MOBILE_DEBUG_HANDLE -DEDGE_PROFILER_USE_KINETO, LAPACK_INFO=mkl, PERF_WITH_AVX=1, PERF_WITH_AVX2=1, PERF_WITH_AVX512=1, TORCH_VERSION=1.13.1, USE_CUDA=ON, USE_CUDNN=ON, USE_EXCEPTION_PTR=1, USE_GFLAGS=OFF, USE_GLOG=OFF, USE_MKL=ON, USE_MKLDNN=ON, USE_MPI=OFF, USE_NCCL=OFF, USE_NNPACK=OFF, USE_OPENMP=ON, USE_ROCM=OFF, 

TorchVision: 0.14.1
OpenCV: 4.7.0
MMCV: 1.7.0
MMCV Compiler: MSVC 192829924
MMCV CUDA Compiler: 11.7
MMDetection: 2.27.0+fb7c74f
------------------------------------------------------------

2024-07-01 03:45:41,847 - mmdet - INFO - Distributed training: False
2024-07-01 03:45:46,906 - mmdet - INFO - Config:
dataset_type = 'NICUPose.CocoPoseDataset'
data_root = 'C:/Users/Hugo/Study/Infant Dataset/NICU Image'
img_norm_cfg = dict(
    mean=[123.675, 116.28, 103.53], std=[58.395, 57.12, 57.375], to_rgb=True)
train_pipeline = [
    dict(type='mmdet.LoadImageFromFile', to_float32=True),
    dict(
        type='NICUPose.LoadAnnotations',
        with_bbox=True,
        with_keypoint=True,
        with_area=True),
    dict(
        type='mmdet.PhotoMetricDistortion',
        brightness_delta=32,
        contrast_range=(0.5, 1.5),
        saturation_range=(0.5, 1.5),
        hue_delta=18),
    dict(
        type='NICUPose.KeypointRandomAffine',
        max_rotate_degree=30.0,
        max_translate_ratio=0.0,
        scaling_ratio_range=(1.0, 1.0),
        max_shear_degree=0.0,
        border_val=[103.53, 116.28, 123.675]),
    dict(type='NICUPose.RandomFlip', flip_ratio=0.5),
    dict(
        type='mmdet.AutoAugment',
        policies=[[{
            'type': 'NICUPose.Resize',
            'img_scale': [(400, 1400), (1400, 1400)],
            'multiscale_mode': 'range',
            'keep_ratio': True
        }],
                  [{
                      'type': 'NICUPose.Resize',
                      'img_scale': [(400, 4200), (500, 4200), (600, 4200)],
                      'multiscale_mode': 'value',
                      'keep_ratio': True
                  }, {
                      'type': 'NICUPose.RandomCrop',
                      'crop_type': 'absolute_range',
                      'crop_size': (384, 600),
                      'allow_negative_crop': True
                  }, {
                      'type': 'NICUPose.Resize',
                      'img_scale': [(400, 1400), (1400, 1400)],
                      'multiscale_mode': 'range',
                      'override': True,
                      'keep_ratio': True
                  }]]),
    dict(
        type='mmdet.Normalize',
        mean=[123.675, 116.28, 103.53],
        std=[58.395, 57.12, 57.375],
        to_rgb=True),
    dict(type='mmdet.Pad', size_divisor=1),
    dict(
        type='NICUPose.DefaultFormatBundle',
        extra_keys=['gt_keypoints', 'gt_areas']),
    dict(
        type='mmdet.Collect',
        keys=['img', 'gt_bboxes', 'gt_labels', 'gt_keypoints', 'gt_areas'])
]
test_pipeline = [
    dict(type='mmdet.LoadImageFromFile'),
    dict(
        type='mmdet.MultiScaleFlipAug',
        img_scale=(1333, 800),
        flip=False,
        transforms=[
            dict(type='mmdet.Resize', keep_ratio=True),
            dict(type='mmdet.RandomFlip'),
            dict(
                type='mmdet.Normalize',
                mean=[123.675, 116.28, 103.53],
                std=[58.395, 57.12, 57.375],
                to_rgb=True),
            dict(type='mmdet.Pad', size_divisor=1),
            dict(type='mmdet.ImageToTensor', keys=['img']),
            dict(type='mmdet.Collect', keys=['img'])
        ])
]
demo_pipeline = [
    dict(type='mmdet.LoadImageFromFile'),
    dict(
        type='mmdet.MultiScaleFlipAug',
        img_scale=(640, 480),
        flip=False,
        transforms=[
            dict(type='mmdet.Resize', keep_ratio=True),
            dict(
                type='mmdet.Normalize',
                mean=[123.675, 116.28, 103.53],
                std=[58.395, 57.12, 57.375],
                to_rgb=True),
            dict(type='mmdet.Pad', size_divisor=1),
            dict(type='mmdet.ImageToTensor', keys=['img']),
            dict(type='mmdet.Collect', keys=['img'])
        ])
]
data = dict(
    samples_per_gpu=1,
    workers_per_gpu=1,
    train=dict(
        type='NICUPose.CocoPoseDataset',
        ann_file=
        'C:/Users/Hugo/Study/Infant Dataset/NICU Imageannotations/person_keypoints_train2017.json',
        img_prefix=
        'C:/Users/Hugo/Study/Infant Dataset/NICU Imageimages/train2017/',
        pipeline=[
            dict(type='mmdet.LoadImageFromFile', to_float32=True),
            dict(
                type='NICUPose.LoadAnnotations',
                with_bbox=True,
                with_keypoint=True,
                with_area=True),
            dict(
                type='mmdet.PhotoMetricDistortion',
                brightness_delta=32,
                contrast_range=(0.5, 1.5),
                saturation_range=(0.5, 1.5),
                hue_delta=18),
            dict(
                type='NICUPose.KeypointRandomAffine',
                max_rotate_degree=30.0,
                max_translate_ratio=0.0,
                scaling_ratio_range=(1.0, 1.0),
                max_shear_degree=0.0,
                border_val=[103.53, 116.28, 123.675]),
            dict(type='NICUPose.RandomFlip', flip_ratio=0.5),
            dict(
                type='mmdet.AutoAugment',
                policies=[[{
                    'type': 'NICUPose.Resize',
                    'img_scale': [(400, 1400), (1400, 1400)],
                    'multiscale_mode': 'range',
                    'keep_ratio': True
                }],
                          [{
                              'type': 'NICUPose.Resize',
                              'img_scale': [(400, 4200), (500, 4200),
                                            (600, 4200)],
                              'multiscale_mode': 'value',
                              'keep_ratio': True
                          }, {
                              'type': 'NICUPose.RandomCrop',
                              'crop_type': 'absolute_range',
                              'crop_size': (384, 600),
                              'allow_negative_crop': True
                          }, {
                              'type': 'NICUPose.Resize',
                              'img_scale': [(400, 1400), (1400, 1400)],
                              'multiscale_mode': 'range',
                              'override': True,
                              'keep_ratio': True
                          }]]),
            dict(
                type='mmdet.Normalize',
                mean=[123.675, 116.28, 103.53],
                std=[58.395, 57.12, 57.375],
                to_rgb=True),
            dict(type='mmdet.Pad', size_divisor=1),
            dict(
                type='NICUPose.DefaultFormatBundle',
                extra_keys=['gt_keypoints', 'gt_areas']),
            dict(
                type='mmdet.Collect',
                keys=[
                    'img', 'gt_bboxes', 'gt_labels', 'gt_keypoints', 'gt_areas'
                ])
        ]),
    val=dict(
        type='NICUPose.CocoPoseDataset',
        ann_file=
        'C:/Users/Hugo/Study/Infant Dataset/NICU Imageannotations/person_keypoints_val2017.json',
        img_prefix=
        'C:/Users/Hugo/Study/Infant Dataset/NICU Imageimages/val2017/',
        pipeline=[
            dict(type='mmdet.LoadImageFromFile'),
            dict(
                type='mmdet.MultiScaleFlipAug',
                img_scale=(1333, 800),
                flip=False,
                transforms=[
                    dict(type='mmdet.Resize', keep_ratio=True),
                    dict(type='mmdet.RandomFlip'),
                    dict(
                        type='mmdet.Normalize',
                        mean=[123.675, 116.28, 103.53],
                        std=[58.395, 57.12, 57.375],
                        to_rgb=True),
                    dict(type='mmdet.Pad', size_divisor=1),
                    dict(type='mmdet.ImageToTensor', keys=['img']),
                    dict(type='mmdet.Collect', keys=['img'])
                ])
        ]),
    test=dict(
        type='NICUPose.CocoPoseDataset',
        ann_file=
        'C:/Users/Hugo/Study/Infant Dataset/NICU Imageannotations/person_keypoints_val2017.json',
        img_prefix=
        'C:/Users/Hugo/Study/Infant Dataset/NICU Imageimages/val2017/',
        pipeline=[
            dict(type='mmdet.LoadImageFromFile'),
            dict(
                type='mmdet.MultiScaleFlipAug',
                img_scale=(1333, 800),
                flip=False,
                transforms=[
                    dict(type='mmdet.Resize', keep_ratio=True),
                    dict(type='mmdet.RandomFlip'),
                    dict(
                        type='mmdet.Normalize',
                        mean=[123.675, 116.28, 103.53],
                        std=[58.395, 57.12, 57.375],
                        to_rgb=True),
                    dict(type='mmdet.Pad', size_divisor=1),
                    dict(type='mmdet.ImageToTensor', keys=['img']),
                    dict(type='mmdet.Collect', keys=['img'])
                ])
        ]),
    demo=dict(
        type='NICUPose.CocoPoseDataset',
        pipeline=[
            dict(type='mmdet.LoadImageFromFile'),
            dict(
                type='mmdet.MultiScaleFlipAug',
                img_scale=(1333, 800),
                flip=False,
                transforms=[
                    dict(type='mmdet.Resize', keep_ratio=True),
                    dict(type='mmdet.RandomFlip'),
                    dict(
                        type='mmdet.Normalize',
                        mean=[123.675, 116.28, 103.53],
                        std=[58.395, 57.12, 57.375],
                        to_rgb=True),
                    dict(type='mmdet.Pad', size_divisor=1),
                    dict(type='mmdet.ImageToTensor', keys=['img']),
                    dict(type='mmdet.Collect', keys=['img'])
                ])
        ]))
evaluation = dict(interval=1, metric='keypoints')
checkpoint_config = dict(interval=1, max_keep_ckpts=20)
log_config = dict(interval=1, hooks=[dict(type='TextLoggerHook')])
custom_hooks = [dict(type='NumClassCheckHook')]
dist_params = dict(backend='nccl')
log_level = 'INFO'
load_from = None
resume_from = None
workflow = [('train', 1)]
opencv_num_threads = 0
mp_start_method = 'fork'
auto_scale_lr = dict(enable=False, base_batch_size=16)
pretrained = 'https://github.com/SwinTransformer/storage/releases/download/v1.0.0/swin_large_patch4_window7_224_22kto1k.pth'
model = dict(
    type='NICUPose.PETR',
    backbone=dict(
        type='mmdet.SwinTransformer',
        embed_dims=192,
        convert_weights=True,
        depths=[2, 2, 18, 2],
        num_heads=[6, 12, 24, 48],
        window_size=7,
        mlp_ratio=4,
        qkv_bias=True,
        qk_scale=None,
        drop_rate=0.0,
        attn_drop_rate=0.0,
        drop_path_rate=0.3,
        patch_norm=True,
        out_indices=(1, 2, 3),
        with_cp=False,
        init_cfg=dict(
            type='Pretrained',
            checkpoint=
            'https://github.com/SwinTransformer/storage/releases/download/v1.0.0/swin_large_patch4_window7_224_22kto1k.pth'
        )),
    neck=dict(
        type='mmdet.ChannelMapper',
        in_channels=[384, 768, 1536],
        kernel_size=1,
        out_channels=256,
        act_cfg=None,
        norm_cfg=dict(type='GN', num_groups=32),
        num_outs=4),
    bbox_head=dict(
        type='NICUPose.PETRHead',
        num_query=300,
        num_classes=1,
        in_channels=2048,
        sync_cls_avg_factor=True,
        with_kpt_refine=True,
        as_two_stage=True,
        transformer=dict(
            type='NICUPose.PETRTransformer',
            encoder=dict(
                type='mmcv.DetrTransformerEncoder',
                num_layers=6,
                transformerlayers=dict(
                    type='mmcv.BaseTransformerLayer',
                    attn_cfgs=dict(
                        type='mmcv.MultiScaleDeformableAttention',
                        embed_dims=256),
                    feedforward_channels=1024,
                    ffn_dropout=0.1,
                    NICUPosetion_order=('self_attn', 'norm', 'ffn', 'norm'))),
            decoder=dict(
                type='NICUPose.PetrTransformerDecoder',
                num_layers=3,
                return_intermediate=True,
                transformerlayers=dict(
                    type='mmcv.DetrTransformerDecoderLayer',
                    attn_cfgs=[
                        dict(
                            type='mmcv.MultiheadAttention',
                            embed_dims=256,
                            num_heads=8,
                            dropout=0.1),
                        dict(
                            type='NICUPose.MultiScaleDeformablePoseAttention',
                            embed_dims=256)
                    ],
                    feedforward_channels=1024,
                    ffn_dropout=0.1,
                    NICUPosetion_order=('self_attn', 'norm', 'cross_attn',
                                        'norm', 'ffn', 'norm'))),
            hm_encoder=dict(
                type='mmcv.DetrTransformerEncoder',
                num_layers=1,
                transformerlayers=dict(
                    type='mmcv.BaseTransformerLayer',
                    attn_cfgs=dict(
                        type='mmcv.MultiScaleDeformableAttention',
                        embed_dims=256,
                        num_levels=1),
                    feedforward_channels=1024,
                    ffn_dropout=0.1,
                    NICUPosetion_order=('self_attn', 'norm', 'ffn', 'norm')))),
        positional_encoding=dict(
            type='mmcv.SinePositionalEncoding',
            num_feats=128,
            normalize=True,
            offset=-0.5),
        loss_cls=dict(
            type='mmdet.FocalLoss',
            use_sigmoid=True,
            gamma=2.0,
            alpha=0.25,
            loss_weight=2.0),
        loss_kpt=dict(type='mmdet.L1Loss', loss_weight=70.0),
        loss_kpt_rpn=dict(type='mmdet.L1Loss', loss_weight=70.0),
        loss_oks=dict(type='NICUPose.OKSLoss', loss_weight=2.0),
        loss_hm=dict(type='NICUPose.CenterFocalLoss', loss_weight=4.0),
        loss_kpt_refine=dict(type='mmdet.L1Loss', loss_weight=80.0),
        loss_oks_refine=dict(type='NICUPose.OKSLoss', loss_weight=3.0)),
    train_cfg=dict(
        assigner=dict(
            type='NICUPose.PoseHungarianAssigner',
            cls_cost=dict(type='mmdet.FocalLossCost', weight=2.0),
            kpt_cost=dict(type='NICUPose.KptL1Cost', weight=70.0),
            oks_cost=dict(type='NICUPose.OksCost', weight=7.0))),
    test_cfg=dict(max_per_img=100))
optimizer = dict(
    type='AdamW',
    lr=0.0001,
    weight_decay=0.0001,
    paramwise_cfg=dict(
        custom_keys=dict(
            backbone=dict(lr_mult=0.1),
            sampling_offsets=dict(lr_mult=0.1),
            reference_points=dict(lr_mult=0.1))))
optimizer_config = dict(grad_clip=dict(max_norm=0.1, norm_type=2))
lr_config = dict(policy='step', gamma=0.1)
runner = dict(type='EpochBasedRunner', max_epochs=300)
work_dir = './work_dirs\swin-l-p4-w7-224-22kto1k_16x1_100e_coco'
auto_resume = False
gpu_ids = [0]

2024-07-01 03:45:46,918 - mmdet - INFO - Set random seed to 424709911, deterministic: False
